# JRE version: OpenJDK Runtime Environment Temurin-17.0.10+7 (17.0.10+7) (build 17.0.10+7)
# Java VM: OpenJDK 64-Bit Server VM Temurin-17.0.10+7 (17.0.10+7, mixed mode, tiered, compressed oops, compressed class ptrs, parallel gc, windows-amd64)
GC Precious Log:
 CPUs: 12 total, 12 available
 Memory: 7541M
 Large Page Support: Disabled
 NUMA Support: Disabled
 Compressed Oops: Enabled (32-bit)
 Alignments: Space 512K, Generation 512K, Heap 2M
 Heap Min Capacity: 100M
 Heap Initial Capacity: 100M
 Heap Max Capacity: 1G
 Pre-touch: Disabled
 Parallel Workers: 10
Heap:
 PSYoungGen      total 6144K, used 1517K [0x00000000eab00000, 0x00000000eb980000, 0x0000000100000000)
  eden space 4608K, 0% used [0x00000000eab00000,0x00000000eab00000,0x00000000eaf80000)
  from space 1536K, 98% used [0x00000000eb700000,0x00000000eb87b700,0x00000000eb880000)
  to   space 5120K, 0% used [0x00000000eaf80000,0x00000000eaf80000,0x00000000eb480000)
 ParOldGen       total 194560K, used 192590K [0x00000000c0000000, 0x00000000cbe00000, 0x00000000eab00000)
  object space 194560K, 98% used [0x00000000c0000000,0x00000000cbc13880,0x00000000cbe00000)
 Metaspace       used 102520K, committed 104000K, reserved 1179648K
  class space    used 10010K, committed 10688K, reserved 1048576K
GC Heap History (20 events):
Event: 32219.861 GC heap after
{Heap after GC invocations=6702 (full 130):
 PSYoungGen      total 12288K, used 0K [0x00000000eab00000, 0x00000000ebe80000, 0x0000000100000000)
  eden space 4608K, 0% used [0x00000000eab00000,0x00000000eab00000,0x00000000eaf80000)
  from space 7680K, 0% used [0x00000000eaf80000,0x00000000eaf80000,0x00000000eb700000)
  to   space 7680K, 0% used [0x00000000eb700000,0x00000000eb700000,0x00000000ebe80000)
 ParOldGen       total 194560K, used 137816K [0x00000000c0000000, 0x00000000cbe00000, 0x00000000eab00000)
  object space 194560K, 70% used [0x00000000c0000000,0x00000000c8696340,0x00000000cbe00000)
 Metaspace       used 102402K, committed 104000K, reserved 1179648K
  class space    used 9993K, committed 10688K, reserved 1048576K
}
Event: 32219.877 GC heap before
{Heap before GC invocations=6703 (full 130):
 PSYoungGen      total 12288K, used 4608K [0x00000000eab00000, 0x00000000ebe80000, 0x0000000100000000)
  eden space 4608K, 100% used [0x00000000eab00000,0x00000000eaf80000,0x00000000eaf80000)
  from space 7680K, 0% used [0x00000000eaf80000,0x00000000eaf80000,0x00000000eb700000)
  to   space 7680K, 0% used [0x00000000eb700000,0x00000000eb700000,0x00000000ebe80000)
 ParOldGen       total 194560K, used 137816K [0x00000000c0000000, 0x00000000cbe00000, 0x00000000eab00000)
  object space 194560K, 70% used [0x00000000c0000000,0x00000000c8696340,0x00000000cbe00000)
 Metaspace       used 102402K, committed 104000K, reserved 1179648K
  class space    used 9993K, committed 10688K, reserved 1048576K
}
Event: 32219.887 GC heap after
{Heap after GC invocations=6703 (full 130):
 PSYoungGen      total 9728K, used 4672K [0x00000000eab00000, 0x00000000ebc00000, 0x0000000100000000)
  eden space 4608K, 0% used [0x00000000eab00000,0x00000000eab00000,0x00000000eaf80000)
  from space 5120K, 91% used [0x00000000eb700000,0x00000000ebb90000,0x00000000ebc00000)
  to   space 5632K, 0% used [0x00000000eb100000,0x00000000eb100000,0x00000000eb680000)
 ParOldGen       total 194560K, used 137816K [0x00000000c0000000, 0x00000000cbe00000, 0x00000000eab00000)
  object space 194560K, 70% used [0x00000000c0000000,0x00000000c8696340,0x00000000cbe00000)
 Metaspace       used 102402K, committed 104000K, reserved 1179648K
  class space    used 9993K, committed 10688K, reserved 1048576K
}
Event: 32219.909 GC heap before
{Heap before GC invocations=6704 (full 130):
 PSYoungGen      total 9728K, used 9280K [0x00000000eab00000, 0x00000000ebc00000, 0x0000000100000000)
  eden space 4608K, 100% used [0x00000000eab00000,0x00000000eaf80000,0x00000000eaf80000)
  from space 5120K, 91% used [0x00000000eb700000,0x00000000ebb90000,0x00000000ebc00000)
  to   space 5632K, 0% used [0x00000000eb100000,0x00000000eb100000,0x00000000eb680000)
 ParOldGen       total 194560K, used 137816K [0x00000000c0000000, 0x00000000cbe00000, 0x00000000eab00000)
  object space 194560K, 70% used [0x00000000c0000000,0x00000000c8696340,0x00000000cbe00000)
 Metaspace       used 102402K, committed 104000K, reserved 1179648K
  class space    used 9993K, committed 10688K, reserved 1048576K
}
Event: 32219.920 GC heap after
{Heap after GC invocations=6704 (full 130):
 PSYoungGen      total 8704K, used 3800K [0x00000000eab00000, 0x00000000eb880000, 0x0000000100000000)
  eden space 4608K, 0% used [0x00000000eab00000,0x00000000eab00000,0x00000000eaf80000)
  from space 4096K, 92% used [0x00000000eb100000,0x00000000eb4b63c0,0x00000000eb500000)
  to   space 3584K, 0% used [0x00000000eb500000,0x00000000eb500000,0x00000000eb880000)
 ParOldGen       total 194560K, used 142368K [0x00000000c0000000, 0x00000000cbe00000, 0x00000000eab00000)
  object space 194560K, 73% used [0x00000000c0000000,0x00000000c8b08340,0x00000000cbe00000)
 Metaspace       used 102402K, committed 104000K, reserved 1179648K
  class space    used 9993K, committed 10688K, reserved 1048576K
}
Event: 32219.966 GC heap before
{Heap before GC invocations=6705 (full 130):
 PSYoungGen      total 8704K, used 8408K [0x00000000eab00000, 0x00000000eb880000, 0x0000000100000000)
  eden space 4608K, 100% used [0x00000000eab00000,0x00000000eaf80000,0x00000000eaf80000)
  from space 4096K, 92% used [0x00000000eb100000,0x00000000eb4b63c0,0x00000000eb500000)
  to   space 3584K, 0% used [0x00000000eb500000,0x00000000eb500000,0x00000000eb880000)
 ParOldGen       total 194560K, used 173088K [0x00000000c0000000, 0x00000000cbe00000, 0x00000000eab00000)
  object space 194560K, 88% used [0x00000000c0000000,0x00000000ca908370,0x00000000cbe00000)
 Metaspace       used 102404K, committed 104000K, reserved 1179648K
  class space    used 9993K, committed 10688K, reserved 1048576K
}
Event: 32219.974 GC heap after
{Heap after GC invocations=6705 (full 130):
 PSYoungGen      total 7168K, used 2428K [0x00000000eab00000, 0x00000000eb780000, 0x0000000100000000)
  eden space 4608K, 0% used [0x00000000eab00000,0x00000000eab00000,0x00000000eaf80000)
  from space 2560K, 94% used [0x00000000eb500000,0x00000000eb75f000,0x00000000eb780000)
  to   space 3072K, 0% used [0x00000000eb180000,0x00000000eb180000,0x00000000eb480000)
 ParOldGen       total 194560K, used 176752K [0x00000000c0000000, 0x00000000cbe00000, 0x00000000eab00000)
  object space 194560K, 90% used [0x00000000c0000000,0x00000000cac9c370,0x00000000cbe00000)
 Metaspace       used 102404K, committed 104000K, reserved 1179648K
  class space    used 9993K, committed 10688K, reserved 1048576K
}
Event: 32220.032 GC heap before
{Heap before GC invocations=6706 (full 130):
 PSYoungGen      total 7168K, used 7036K [0x00000000eab00000, 0x00000000eb780000, 0x0000000100000000)
  eden space 4608K, 100% used [0x00000000eab00000,0x00000000eaf80000,0x00000000eaf80000)
  from space 2560K, 94% used [0x00000000eb500000,0x00000000eb75f000,0x00000000eb780000)
  to   space 3072K, 0% used [0x00000000eb180000,0x00000000eb180000,0x00000000eb480000)
 ParOldGen       total 194560K, used 176752K [0x00000000c0000000, 0x00000000cbe00000, 0x00000000eab00000)
  object space 194560K, 90% used [0x00000000c0000000,0x00000000cac9c370,0x00000000cbe00000)
 Metaspace       used 102404K, committed 104000K, reserved 1179648K
  class space    used 9993K, committed 10688K, reserved 1048576K
}
Event: 32220.039 GC heap after
{Heap after GC invocations=6706 (full 130):
 PSYoungGen      total 7680K, used 3066K [0x00000000eab00000, 0x00000000eba80000, 0x0000000100000000)
  eden space 4608K, 0% used [0x00000000eab00000,0x00000000eab00000,0x00000000eaf80000)
  from space 3072K, 99% used [0x00000000eb180000,0x00000000eb47e800,0x00000000eb480000)
  to   space 5632K, 0% used [0x00000000eb500000,0x00000000eb500000,0x00000000eba80000)
 ParOldGen       total 194560K, used 178622K [0x00000000c0000000, 0x00000000cbe00000, 0x00000000eab00000)
  object space 194560K, 91% used [0x00000000c0000000,0x00000000cae6fb70,0x00000000cbe00000)
 Metaspace       used 102404K, committed 104000K, reserved 1179648K
  class space    used 9993K, committed 10688K, reserved 1048576K
}
Event: 32220.158 GC heap before
{Heap before GC invocations=6707 (full 130):
 PSYoungGen      total 7680K, used 7674K [0x00000000eab00000, 0x00000000eba80000, 0x0000000100000000)
  eden space 4608K, 100% used [0x00000000eab00000,0x00000000eaf80000,0x00000000eaf80000)
  from space 3072K, 99% used [0x00000000eb180000,0x00000000eb47e800,0x00000000eb480000)
  to   space 5632K, 0% used [0x00000000eb500000,0x00000000eb500000,0x00000000eba80000)
 ParOldGen       total 194560K, used 178622K [0x00000000c0000000, 0x00000000cbe00000, 0x00000000eab00000)
  object space 194560K, 91% used [0x00000000c0000000,0x00000000cae6fb70,0x00000000cbe00000)
 Metaspace       used 102404K, committed 104000K, reserved 1179648K
  class space    used 9993K, committed 10688K, reserved 1048576K
}
Event: 32220.164 GC heap after
{Heap after GC invocations=6707 (full 130):
 PSYoungGen      total 7680K, used 2957K [0x00000000eab00000, 0x00000000eb800000, 0x0000000100000000)
  eden space 4608K, 0% used [0x00000000eab00000,0x00000000eab00000,0x00000000eaf80000)
  from space 3072K, 96% used [0x00000000eb500000,0x00000000eb7e3700,0x00000000eb800000)
  to   space 4096K, 0% used [0x00000000eb000000,0x00000000eb000000,0x00000000eb400000)
 ParOldGen       total 194560K, used 180898K [0x00000000c0000000, 0x00000000cbe00000, 0x00000000eab00000)
  object space 194560K, 92% used [0x00000000c0000000,0x00000000cb0a8b70,0x00000000cbe00000)
 Metaspace       used 102404K, committed 104000K, reserved 1179648K
  class space    used 9993K, committed 10688K, reserved 1048576K
}
Event: 32220.187 GC heap before
{Heap before GC invocations=6708 (full 130):
 PSYoungGen      total 7680K, used 7493K [0x00000000eab00000, 0x00000000eb800000, 0x0000000100000000)
  eden space 4608K, 98% used [0x00000000eab00000,0x00000000eaf6dff0,0x00000000eaf80000)
  from space 3072K, 96% used [0x00000000eb500000,0x00000000eb7e3700,0x00000000eb800000)
  to   space 4096K, 0% used [0x00000000eb000000,0x00000000eb000000,0x00000000eb400000)
 ParOldGen       total 194560K, used 180898K [0x00000000c0000000, 0x00000000cbe00000, 0x00000000eab00000)
  object space 194560K, 92% used [0x00000000c0000000,0x00000000cb0a8b70,0x00000000cbe00000)
 Metaspace       used 102404K, committed 104000K, reserved 1179648K
  class space    used 9993K, committed 10688K, reserved 1048576K
}
Event: 32220.191 GC heap after
{Heap after GC invocations=6708 (full 130):
 PSYoungGen      total 8704K, used 4080K [0x00000000eab00000, 0x00000000ec080000, 0x0000000100000000)
  eden space 4608K, 0% used [0x00000000eab00000,0x00000000eab00000,0x00000000eaf80000)
  from space 4096K, 99% used [0x00000000eb000000,0x00000000eb3fc000,0x00000000eb400000)
  to   space 8704K, 0% used [0x00000000eb800000,0x00000000eb800000,0x00000000ec080000)
 ParOldGen       total 194560K, used 184502K [0x00000000c0000000, 0x00000000cbe00000, 0x00000000eab00000)
  object space 194560K, 94% used [0x00000000c0000000,0x00000000cb42d970,0x00000000cbe00000)
 Metaspace       used 102404K, committed 104000K, reserved 1179648K
  class space    used 9993K, committed 10688K, reserved 1048576K
}
Event: 32481.371 GC heap before
{Heap before GC invocations=6709 (full 130):
 PSYoungGen      total 8704K, used 8684K [0x00000000eab00000, 0x00000000ec080000, 0x0000000100000000)
  eden space 4608K, 99% used [0x00000000eab00000,0x00000000eaf7f158,0x00000000eaf80000)
  from space 4096K, 99% used [0x00000000eb000000,0x00000000eb3fc000,0x00000000eb400000)
  to   space 8704K, 0% used [0x00000000eb800000,0x00000000eb800000,0x00000000ec080000)
 ParOldGen       total 194560K, used 184502K [0x00000000c0000000, 0x00000000cbe00000, 0x00000000eab00000)
  object space 194560K, 94% used [0x00000000c0000000,0x00000000cb42d970,0x00000000cbe00000)
 Metaspace       used 102513K, committed 104000K, reserved 1179648K
  class space    used 10010K, committed 10688K, reserved 1048576K
}
Event: 32481.497 GC heap after
{Heap after GC invocations=6709 (full 130):
 PSYoungGen      total 6656K, used 1792K [0x00000000eab00000, 0x00000000eba00000, 0x0000000100000000)
  eden space 4608K, 0% used [0x00000000eab00000,0x00000000eab00000,0x00000000eaf80000)
  from space 2048K, 87% used [0x00000000eb800000,0x00000000eb9c0000,0x00000000eba00000)
  to   space 4096K, 0% used [0x00000000eb200000,0x00000000eb200000,0x00000000eb600000)
 ParOldGen       total 194560K, used 188302K [0x00000000c0000000, 0x00000000cbe00000, 0x00000000eab00000)
  object space 194560K, 96% used [0x00000000c0000000,0x00000000cb7e3970,0x00000000cbe00000)
 Metaspace       used 102513K, committed 104000K, reserved 1179648K
  class space    used 10010K, committed 10688K, reserved 1048576K
}
Event: 52087.994 GC heap before
{Heap before GC invocations=6710 (full 130):
 PSYoungGen      total 6656K, used 6400K [0x00000000eab00000, 0x00000000eba00000, 0x0000000100000000)
  eden space 4608K, 100% used [0x00000000eab00000,0x00000000eaf80000,0x00000000eaf80000)
  from space 2048K, 87% used [0x00000000eb800000,0x00000000eb9c0000,0x00000000eba00000)
  to   space 4096K, 0% used [0x00000000eb200000,0x00000000eb200000,0x00000000eb600000)
 ParOldGen       total 194560K, used 188302K [0x00000000c0000000, 0x00000000cbe00000, 0x00000000eab00000)
  object space 194560K, 96% used [0x00000000c0000000,0x00000000cb7e3970,0x00000000cbe00000)
 Metaspace       used 102520K, committed 104000K, reserved 1179648K
  class space    used 10010K, committed 10688K, reserved 1048576K
}
Event: 52088.124 GC heap after
{Heap after GC invocations=6710 (full 130):
 PSYoungGen      total 8704K, used 340K [0x00000000eab00000, 0x00000000eb880000, 0x0000000100000000)
  eden space 4608K, 0% used [0x00000000eab00000,0x00000000eab00000,0x00000000eaf80000)
  from space 4096K, 8% used [0x00000000eb200000,0x00000000eb255200,0x00000000eb600000)
  to   space 1536K, 0% used [0x00000000eb700000,0x00000000eb700000,0x00000000eb880000)
 ParOldGen       total 194560K, used 190009K [0x00000000c0000000, 0x00000000cbe00000, 0x00000000eab00000)
  object space 194560K, 97% used [0x00000000c0000000,0x00000000cb98e680,0x00000000cbe00000)
 Metaspace       used 102520K, committed 104000K, reserved 1179648K
  class space    used 10010K, committed 10688K, reserved 1048576K
}
Event: 52088.377 GC heap before
{Heap before GC invocations=6711 (full 130):
 PSYoungGen      total 8704K, used 4948K [0x00000000eab00000, 0x00000000eb880000, 0x0000000100000000)
  eden space 4608K, 100% used [0x00000000eab00000,0x00000000eaf80000,0x00000000eaf80000)
  from space 4096K, 8% used [0x00000000eb200000,0x00000000eb255200,0x00000000eb600000)
  to   space 1536K, 0% used [0x00000000eb700000,0x00000000eb700000,0x00000000eb880000)
 ParOldGen       total 194560K, used 190009K [0x00000000c0000000, 0x00000000cbe00000, 0x00000000eab00000)
  object space 194560K, 97% used [0x00000000c0000000,0x00000000cb98e680,0x00000000cbe00000)
 Metaspace       used 102520K, committed 104000K, reserved 1179648K
  class space    used 10010K, committed 10688K, reserved 1048576K
}
Event: 52088.405 GC heap after
{Heap after GC invocations=6711 (full 130):
 PSYoungGen      total 6144K, used 1517K [0x00000000eab00000, 0x00000000eb980000, 0x0000000100000000)
  eden space 4608K, 0% used [0x00000000eab00000,0x00000000eab00000,0x00000000eaf80000)
  from space 1536K, 98% used [0x00000000eb700000,0x00000000eb87b700,0x00000000eb880000)
  to   space 5120K, 0% used [0x00000000eaf80000,0x00000000eaf80000,0x00000000eb480000)
 ParOldGen       total 194560K, used 192590K [0x00000000c0000000, 0x00000000cbe00000, 0x00000000eab00000)
  object space 194560K, 98% used [0x00000000c0000000,0x00000000cbc13880,0x00000000cbe00000)
 Metaspace       used 102520K, committed 104000K, reserved 1179648K
  class space    used 10010K, committed 10688K, reserved 1048576K
}
Event: 52088.406 GC heap before
{Heap before GC invocations=6712 (full 131):
 PSYoungGen      total 6144K, used 1517K [0x00000000eab00000, 0x00000000eb980000, 0x0000000100000000)
  eden space 4608K, 0% used [0x00000000eab00000,0x00000000eab00000,0x00000000eaf80000)
  from space 1536K, 98% used [0x00000000eb700000,0x00000000eb87b700,0x00000000eb880000)
  to   space 5120K, 0% used [0x00000000eaf80000,0x00000000eaf80000,0x00000000eb480000)
 ParOldGen       total 194560K, used 192590K [0x00000000c0000000, 0x00000000cbe00000, 0x00000000eab00000)
  object space 194560K, 98% used [0x00000000c0000000,0x00000000cbc13880,0x00000000cbe00000)
 Metaspace       used 102520K, committed 104000K, reserved 1179648K
  class space    used 10010K, committed 10688K, reserved 1048576K
}

